  Building 'Learning IOCTL' with toolset 'WindowsKernelModeDriver10.0' and the 'Universal' target platform.
  Stamping x64\Release\LearningIOCTL.inf
  Stamping [Version] section with DriverVer=12/03/2020,15.56.27.875
  IOCTL.cpp
  memory.cpp
  Generating Code...
  Learning IOCTL.vcxproj -> E:\kernel Development\km-um-IOCTL\Learning IOCTL\x64\Release\LearningIOCTL.sys
  Done Adding Additional Store
  Successfully signed: E:\kernel Development\km-um-IOCTL\Learning IOCTL\x64\Release\LearningIOCTL.sys
  
  Driver is 'Universal'.
  .........................
  Signability test complete.
  
  Errors:
  None
  
  Warnings:
  None
  
  Catalog generation complete.
  E:\kernel Development\km-um-IOCTL\Learning IOCTL\x64\Release\Learning IOCTL\learningioctl.cat
  Done Adding Additional Store
  Successfully signed: E:\kernel Development\km-um-IOCTL\Learning IOCTL\x64\Release\Learning IOCTL\learningioctl.cat
  
